New log file opened at Sat Feb 11 16:24:01 JST 2017 by 14835@wlan0529.u-aizu.ac.jp
Taking next connection to: 60350
New client attempting to connect on port: 60351-60350
  Address = /163.143.242.47:60350
This client on port 60351 has uuid 3e0594c9-b66b-40e4-b714-d5b966889b2e configName play-fork-run humanReadableName Play Fork Run protocolVersion 1 featureTags Vector()
Connected Clients: play-fork-run-3e0594c9-b66b-40e4-b714-d5b966889b2e
Taking next connection to: 60350
Checking to see if clients are empty...
We have 1 non-daemon clients, continuing serving connections.
Taking next connection to: 60350
Checking to see if clients are empty...
We have 1 non-daemon clients, continuing serving connections.
Taking next connection to: 60350
Checking to see if clients are empty...
We have 1 non-daemon clients, continuing serving connections.
Taking next connection to: 60350
Checking to see if clients are empty...
We have 1 non-daemon clients, continuing serving connections.
Taking next connection to: 60350
Checking to see if clients are empty...
We have 1 non-daemon clients, continuing serving connections.
Taking next connection to: 60350
